Arguments: 
  C:\Program Files\nodejs\node.exe C:\Program Files (x86)\Yarn\bin\yarn.js install

PATH: 
  C:\Program Files (x86)\Common Files\Oracle\Java\javapath;C:\Program Files (x86)\Intel\Intel(R) Management Engine Components\iCLS\;C:\Program Files\Intel\Intel(R) Management Engine Components\iCLS\;C:\WINDOWS\system32;C:\WINDOWS;C:\WINDOWS\System32\Wbem;C:\WINDOWS\System32\WindowsPowerShell\v1.0\;C:\WINDOWS\System32\OpenSSH\;C:\Program Files (x86)\Intel\Intel(R) Management Engine Components\DAL;C:\Program Files\Intel\Intel(R) Management Engine Components\DAL;C:\Program Files (x86)\Intel\Intel(R) Management Engine Components\IPT;C:\Program Files\Intel\Intel(R) Management Engine Components\IPT;C:\Program Files\dotnet\;C:\Program Files\Microsoft SQL Server\130\Tools\Binn\;C:\Program Files\Microsoft SQL Server\Client SDK\ODBC\170\Tools\Binn\;C:\Program Files (x86)\Microsoft SQL Server\150\Tools\Binn\;C:\Program Files\Microsoft SQL Server\150\Tools\Binn\;C:\Program Files\Microsoft SQL Server\150\DTS\Binn\;C:\Program Files (x86)\Microsoft SQL Server\150\DTS\Binn\;C:\wamp64\bin\php\php7.4.0;C:\composer;C:\Program Files\Git\cmd;C:\Program Files\nodejs\;C:\Program Files (x86)\Yarn\bin\;C:\Users\SEBASTIAN\AppData\Local\Programs\Python\Python38-32\Scripts\;C:\Users\SEBASTIAN\AppData\Local\Programs\Python\Python38-32\;C:\Users\SEBASTIAN\AppData\Local\Microsoft\WindowsApps;C:\Users\SEBASTIAN\AppData\Local\Programs\Microsoft VS Code\bin;C:\Program Files (x86)\Midnight Commander;C:\Users\SEBASTIAN\.dotnet\tools;C:\Users\SEBASTIAN\AppData\Local\Programs\Fiddler;C:\Users\SEBASTIAN\AppData\Roaming\Composer\vendor\bin;C:\Users\SEBASTIAN\AppData\Roaming\npm;C:\Users\SEBASTIAN\AppData\Local\Yarn\bin

Yarn version: 
  1.22.4

Node version: 
  12.18.2

Platform: 
  win32 x64

Trace: 
  Error: EPERM: operation not permitted, unlink 'C:\Users\SEBASTIAN\Desktop\Pedro\expoapp\awwwards-app\node_modules\file-uri-to-path\test'

npm manifest: 
  {
    "main": "node_modules/expo/AppEntry.js",
    "scripts": {
      "start": "expo start",
      "android": "expo start --android",
      "ios": "expo start --ios",
      "web": "expo start --web",
      "eject": "expo eject",
      "test": "jest --watchAll"
    },
    "jest": {
      "preset": "jest-expo"
    },
    
      "resolutions": {
        "styled-components": "^5"
      },
  
    "dependencies": {
      "@expo/vector-icons": "^10.0.0",
      "@react-native-community/masked-view": "0.1.10",
      "@react-navigation/bottom-tabs": "^5.6.1",
      "@react-navigation/native": "^5.6.1",
      "@react-navigation/stack": "^5.6.2",
      "expo": "~38.0.8",
      "expo-asset": "~8.1.7",
      "expo-constants": "~9.1.1",
      "expo-font": "~8.2.1",
      "expo-linking": "^1.0.1",
      "expo-splash-screen": "~0.3.1",
      "expo-status-bar": "^1.0.2",
      "expo-web-browser": "~8.3.1",
      "react": "~16.11.0",
      "react-dom": "~16.11.0",
      "react-native": "https://github.com/expo/react-native/archive/sdk-38.0.2.tar.gz",
      "react-native-gesture-handler": "~1.6.0",
      "react-native-safe-area-context": "~3.0.7",
      "react-native-screens": "~2.9.0",
      "react-native-web": "~0.11.7"
    },
    "devDependencies": {
      "@babel/core": "^7.8.6",
      "@types/react": "~16.9.23",
      "@types/react-native": "~0.62.13",
      "babel-preset-expo": "~8.1.0",
      "jest-expo": "~38.0.0",
      "typescript": "~3.9.5"
    },
    "private": true
  }

yarn manifest: 
  No manifest

Lockfile: 
  No lockfile
